00000000 Prog.    2021-12-23 03:36:28 19048 22120 "Loading plugin C:\Program Files (x86)\HPCCSystems\7.6.32\clienttools\plugins\auditlib.dll[lib_auditlib] version = AUDITLIB 1.0.1"
00000001 Prog.    2021-12-23 03:36:28 19048 22120 "Loading library C:\Program Files (x86)\HPCCSystems\7.6.32\clienttools\plugins\couchbase.ecllib"
00000002 Prog.    2021-12-23 03:36:28 19048 22120 "Plugin C:\Program Files (x86)\HPCCSystems\7.6.32\clienttools\plugins\cryptolib.dll exports getECLPluginDefinition but does not export ECL - not loading"
00000003 Prog.    2021-12-23 03:36:28 19048 22120 "Loading plugin C:\Program Files (x86)\HPCCSystems\7.6.32\clienttools\plugins\debugservices.dll[lib_debugservices] version = DEBUGSERVICES 1.0.1"
00000004 Prog.    2021-12-23 03:36:28 19048 22120 "Plugin C:\Program Files (x86)\HPCCSystems\7.6.32\clienttools\plugins\dmetaphone.dll exports getECLPluginDefinition but does not export ECL - not loading"
00000005 Prog.    2021-12-23 03:36:28 19048 22120 "Loading plugin C:\Program Files (x86)\HPCCSystems\7.6.32\clienttools\plugins\fileservices.dll[lib_fileservices] version = FILESERVICES 2.1.4"
00000006 Prog.    2021-12-23 03:36:28 19048 22120 "Plugin C:\Program Files (x86)\HPCCSystems\7.6.32\clienttools\plugins\h3.dll exports getECLPluginDefinition but does not export ECL - not loading"
00000007 Prog.    2021-12-23 03:36:28 19048 22120 "Loading library C:\Program Files (x86)\HPCCSystems\7.6.32\clienttools\plugins\java.ecllib"
00000008 Prog.    2021-12-23 03:36:28 19048 22120 "Loading library C:\Program Files (x86)\HPCCSystems\7.6.32\clienttools\plugins\javascript.ecllib"
00000009 Prog.    2021-12-23 03:36:28 19048 22120 "Loading library C:\Program Files (x86)\HPCCSystems\7.6.32\clienttools\plugins\kafka.ecllib"
0000000A Prog.    2021-12-23 03:36:28 19048 22120 "Loading library C:\Program Files (x86)\HPCCSystems\7.6.32\clienttools\plugins\lib_cryptolib.ecllib"
0000000B Prog.    2021-12-23 03:36:28 19048 22120 "Loading library C:\Program Files (x86)\HPCCSystems\7.6.32\clienttools\plugins\lib_eclblas.ecllib"
0000000C Prog.    2021-12-23 03:36:28 19048 22120 "Loading library C:\Program Files (x86)\HPCCSystems\7.6.32\clienttools\plugins\lib_h3.ecllib"
0000000D Prog.    2021-12-23 03:36:28 19048 22120 "Loading library C:\Program Files (x86)\HPCCSystems\7.6.32\clienttools\plugins\lib_keylib.ecllib"
0000000E Prog.    2021-12-23 03:36:28 19048 22120 "Loading library C:\Program Files (x86)\HPCCSystems\7.6.32\clienttools\plugins\lib_memcached.ecllib"
0000000F Prog.    2021-12-23 03:36:28 19048 22120 "Loading library C:\Program Files (x86)\HPCCSystems\7.6.32\clienttools\plugins\lib_metaphone.ecllib"
00000010 Prog.    2021-12-23 03:36:28 19048 22120 "Loading library C:\Program Files (x86)\HPCCSystems\7.6.32\clienttools\plugins\lib_redis.ecllib"
00000011 Prog.    2021-12-23 03:36:28 19048 22120 "Loading library C:\Program Files (x86)\HPCCSystems\7.6.32\clienttools\plugins\lib_saltlib.ecllib"
00000012 Prog.    2021-12-23 03:36:28 19048 22120 "Loading library C:\Program Files (x86)\HPCCSystems\7.6.32\clienttools\plugins\lib_thorlib.ecllib"
00000013 Prog.    2021-12-23 03:36:28 19048 22120 "Loading library C:\Program Files (x86)\HPCCSystems\7.6.32\clienttools\plugins\lib_word.ecllib"
00000014 Prog.    2021-12-23 03:36:28 19048 22120 "Loading plugin C:\Program Files (x86)\HPCCSystems\7.6.32\clienttools\plugins\logging.dll[lib_logging] version = LOGGING 1.0.1"
00000015 Prog.    2021-12-23 03:36:28 19048 22120 "Loading library C:\Program Files (x86)\HPCCSystems\7.6.32\clienttools\plugins\mysql.ecllib"
00000016 Prog.    2021-12-23 03:36:28 19048 22120 "Loading plugin C:\Program Files (x86)\HPCCSystems\7.6.32\clienttools\plugins\parselib.dll[lib_parselib] version = PARSELIB 1.0.1"
00000017 Prog.    2021-12-23 03:36:28 19048 22120 "Loading library C:\Program Files (x86)\HPCCSystems\7.6.32\clienttools\plugins\python.ecllib"
00000018 Prog.    2021-12-23 03:36:28 19048 22120 "Loading library C:\Program Files (x86)\HPCCSystems\7.6.32\clienttools\plugins\python3.ecllib"
00000019 Prog.    2021-12-23 03:36:28 19048 22120 "Loading library C:\Program Files (x86)\HPCCSystems\7.6.32\clienttools\plugins\R.ecllib"
0000001A Prog.    2021-12-23 03:36:28 19048 22120 "Loading library C:\Program Files (x86)\HPCCSystems\7.6.32\clienttools\plugins\sqlite3.ecllib"
0000001B Prog.    2021-12-23 03:36:28 19048 22120 "Loading library C:\Program Files (x86)\HPCCSystems\7.6.32\clienttools\plugins\sqs.ecllib"
0000001C Prog.    2021-12-23 03:36:28 19048 22120 "Loading plugin C:\Program Files (x86)\HPCCSystems\7.6.32\clienttools\plugins\stringlib.dll[lib_stringlib] version = STRINGLIB 1.1.14"
0000001D Prog.    2021-12-23 03:36:28 19048 22120 "Loading plugin C:\Program Files (x86)\HPCCSystems\7.6.32\clienttools\plugins\timelib.dll[lib_timelib] version = TIMELIB 1.0.0"
0000001E Prog.    2021-12-23 03:36:28 19048 22120 "Loading plugin C:\Program Files (x86)\HPCCSystems\7.6.32\clienttools\plugins\unicodelib.dll[lib_unicodelib] version = UNICODELIB 1.1.06"
0000001F Prog.    2021-12-23 03:36:28 19048 22120 "Loading plugin C:\Program Files (x86)\HPCCSystems\7.6.32\clienttools\plugins\workunitservices.dll[lib_WORKUNITSERVICES] version = WORKUNITSERVICES 1.0.2"
00000020 User     2021-12-23 03:36:28 19048 22120 "WARNING: Cannot create archive from cache for files because it is not up to date"
00000021 Prog.    2021-12-23 03:36:28 19048 22120 "17: CFile::rename(c:\Workspaces\Github\ECL-Repo-1\.eclcc\metacache\files.cache__bkisy43ijiaaadbvyrq4xy4qb4aqaaaa.tmp, c:\Workspaces\Github\ECL-Repo-1\.eclcc\metacache\files.cache), File exists"
